0    19-12-2014 00:35:07 [Thread-5] ERROR logger.ThesisLogger : DaoManager.executeStatement: org.h2.jdbc.JdbcSQLException: Conversión de datos fallida, convirtiendo "'Month' (VERSION: STEP_TYPE INTEGER)"
Data conversion error converting "'Month' (VERSION: STEP_TYPE INTEGER)"; SQL statement:
INSERT INTO VERSION VALUES (null, 'Month' , '1' , '2008-01-01' , '2008-02-01') -- (NULL, 'Month', '1', '2008-01-01', '2008-02-01') [22018-173]
3    19-12-2014 00:35:07 [Thread-5] ERROR logger.ThesisLogger : DaoManager.executeStatement: org.h2.jdbc.JdbcSQLException: Conversión de datos fallida, convirtiendo "'Month' (VERSION: STEP_TYPE INTEGER)"
Data conversion error converting "'Month' (VERSION: STEP_TYPE INTEGER)"; SQL statement:
INSERT INTO VERSION VALUES (null, 'Month' , '1' , '2008-02-01' , '2008-03-01') -- (NULL, 'Month', '1', '2008-02-01', '2008-03-01') [22018-173]
3    19-12-2014 00:35:07 [Thread-5] ERROR logger.ThesisLogger : DaoManager.executeStatement: org.h2.jdbc.JdbcSQLException: Conversión de datos fallida, convirtiendo "'Month' (VERSION: STEP_TYPE INTEGER)"
Data conversion error converting "'Month' (VERSION: STEP_TYPE INTEGER)"; SQL statement:
INSERT INTO VERSION VALUES (null, 'Month' , '1' , '2008-03-01' , '2008-04-01') -- (NULL, 'Month', '1', '2008-03-01', '2008-04-01') [22018-173]
4    19-12-2014 00:35:07 [Thread-5] ERROR logger.ThesisLogger : DaoManager.executeStatement: org.h2.jdbc.JdbcSQLException: Conversión de datos fallida, convirtiendo "'Month' (VERSION: STEP_TYPE INTEGER)"
Data conversion error converting "'Month' (VERSION: STEP_TYPE INTEGER)"; SQL statement:
INSERT INTO VERSION VALUES (null, 'Month' , '1' , '2008-04-01' , '2008-05-01') -- (NULL, 'Month', '1', '2008-04-01', '2008-05-01') [22018-173]
4    19-12-2014 00:35:07 [Thread-5] ERROR logger.ThesisLogger : DaoManager.executeStatement: org.h2.jdbc.JdbcSQLException: Conversión de datos fallida, convirtiendo "'Month' (VERSION: STEP_TYPE INTEGER)"
Data conversion error converting "'Month' (VERSION: STEP_TYPE INTEGER)"; SQL statement:
INSERT INTO VERSION VALUES (null, 'Month' , '1' , '2008-05-01' , '2008-06-01') -- (NULL, 'Month', '1', '2008-05-01', '2008-06-01') [22018-173]
5    19-12-2014 00:35:07 [Thread-5] ERROR logger.ThesisLogger : DaoManager.executeStatement: org.h2.jdbc.JdbcSQLException: Conversión de datos fallida, convirtiendo "'Month' (VERSION: STEP_TYPE INTEGER)"
Data conversion error converting "'Month' (VERSION: STEP_TYPE INTEGER)"; SQL statement:
INSERT INTO VERSION VALUES (null, 'Month' , '1' , '2008-06-01' , '2008-07-01') -- (NULL, 'Month', '1', '2008-06-01', '2008-07-01') [22018-173]
5    19-12-2014 00:35:07 [Thread-5] ERROR logger.ThesisLogger : DaoManager.executeStatement: org.h2.jdbc.JdbcSQLException: Conversión de datos fallida, convirtiendo "'Month' (VERSION: STEP_TYPE INTEGER)"
Data conversion error converting "'Month' (VERSION: STEP_TYPE INTEGER)"; SQL statement:
INSERT INTO VERSION VALUES (null, 'Month' , '1' , '2008-07-01' , '2008-08-01') -- (NULL, 'Month', '1', '2008-07-01', '2008-08-01') [22018-173]
5    19-12-2014 00:35:07 [Thread-5] ERROR logger.ThesisLogger : DaoManager.executeStatement: org.h2.jdbc.JdbcSQLException: Conversión de datos fallida, convirtiendo "'Month' (VERSION: STEP_TYPE INTEGER)"
Data conversion error converting "'Month' (VERSION: STEP_TYPE INTEGER)"; SQL statement:
INSERT INTO VERSION VALUES (null, 'Month' , '1' , '2008-08-01' , '2008-09-01') -- (NULL, 'Month', '1', '2008-08-01', '2008-09-01') [22018-173]
6    19-12-2014 00:35:07 [Thread-5] ERROR logger.ThesisLogger : DaoManager.executeStatement: org.h2.jdbc.JdbcSQLException: Conversión de datos fallida, convirtiendo "'Month' (VERSION: STEP_TYPE INTEGER)"
Data conversion error converting "'Month' (VERSION: STEP_TYPE INTEGER)"; SQL statement:
INSERT INTO VERSION VALUES (null, 'Month' , '1' , '2008-09-01' , '2008-10-01') -- (NULL, 'Month', '1', '2008-09-01', '2008-10-01') [22018-173]
6    19-12-2014 00:35:07 [Thread-5] ERROR logger.ThesisLogger : DaoManager.executeStatement: org.h2.jdbc.JdbcSQLException: Conversión de datos fallida, convirtiendo "'Month' (VERSION: STEP_TYPE INTEGER)"
Data conversion error converting "'Month' (VERSION: STEP_TYPE INTEGER)"; SQL statement:
INSERT INTO VERSION VALUES (null, 'Month' , '1' , '2008-10-01' , '2008-11-01') -- (NULL, 'Month', '1', '2008-10-01', '2008-11-01') [22018-173]
7    19-12-2014 00:35:07 [Thread-5] ERROR logger.ThesisLogger : DaoManager.executeStatement: org.h2.jdbc.JdbcSQLException: Conversión de datos fallida, convirtiendo "'Month' (VERSION: STEP_TYPE INTEGER)"
Data conversion error converting "'Month' (VERSION: STEP_TYPE INTEGER)"; SQL statement:
INSERT INTO VERSION VALUES (null, 'Month' , '1' , '2008-11-01' , '2008-12-01') -- (NULL, 'Month', '1', '2008-11-01', '2008-12-01') [22018-173]
45   19-12-2014 00:35:07 [Thread-5] ERROR logger.ThesisLogger : DaoManager.executeStatement: org.h2.jdbc.JdbcSQLException: Conversión de datos fallida, convirtiendo "'Month' (VERSION: STEP_TYPE INTEGER)"
Data conversion error converting "'Month' (VERSION: STEP_TYPE INTEGER)"; SQL statement:
INSERT INTO VERSION VALUES (null, 'Month' , '1' , '2008-12-01' , '2009-01-01') -- (NULL, 'Month', '1', '2008-12-01', '2009-01-01') [22018-173]
46   19-12-2014 00:35:07 [Thread-5] ERROR logger.ThesisLogger : DaoManager.executeStatement: org.h2.jdbc.JdbcSQLException: Conversión de datos fallida, convirtiendo "'Month' (VERSION: STEP_TYPE INTEGER)"
Data conversion error converting "'Month' (VERSION: STEP_TYPE INTEGER)"; SQL statement:
INSERT INTO VERSION VALUES (null, 'Month' , '1' , '2009-01-01' , '2009-02-01') -- (NULL, 'Month', '1', '2009-01-01', '2009-02-01') [22018-173]
46   19-12-2014 00:35:07 [Thread-5] ERROR logger.ThesisLogger : DaoManager.executeStatement: org.h2.jdbc.JdbcSQLException: Conversión de datos fallida, convirtiendo "'Month' (VERSION: STEP_TYPE INTEGER)"
Data conversion error converting "'Month' (VERSION: STEP_TYPE INTEGER)"; SQL statement:
INSERT INTO VERSION VALUES (null, 'Month' , '1' , '2009-02-01' , '2009-03-01') -- (NULL, 'Month', '1', '2009-02-01', '2009-03-01') [22018-173]
46   19-12-2014 00:35:07 [Thread-5] ERROR logger.ThesisLogger : DaoManager.executeStatement: org.h2.jdbc.JdbcSQLException: Conversión de datos fallida, convirtiendo "'Month' (VERSION: STEP_TYPE INTEGER)"
Data conversion error converting "'Month' (VERSION: STEP_TYPE INTEGER)"; SQL statement:
INSERT INTO VERSION VALUES (null, 'Month' , '1' , '2009-03-01' , '2009-04-01') -- (NULL, 'Month', '1', '2009-03-01', '2009-04-01') [22018-173]
46   19-12-2014 00:35:07 [Thread-5] ERROR logger.ThesisLogger : DaoManager.executeStatement: org.h2.jdbc.JdbcSQLException: Conversión de datos fallida, convirtiendo "'Month' (VERSION: STEP_TYPE INTEGER)"
Data conversion error converting "'Month' (VERSION: STEP_TYPE INTEGER)"; SQL statement:
INSERT INTO VERSION VALUES (null, 'Month' , '1' , '2009-04-01' , '2009-05-01') -- (NULL, 'Month', '1', '2009-04-01', '2009-05-01') [22018-173]
46   19-12-2014 00:35:07 [Thread-5] ERROR logger.ThesisLogger : DaoManager.executeStatement: org.h2.jdbc.JdbcSQLException: Conversión de datos fallida, convirtiendo "'Month' (VERSION: STEP_TYPE INTEGER)"
Data conversion error converting "'Month' (VERSION: STEP_TYPE INTEGER)"; SQL statement:
INSERT INTO VERSION VALUES (null, 'Month' , '1' , '2009-05-01' , '2009-06-01') -- (NULL, 'Month', '1', '2009-05-01', '2009-06-01') [22018-173]
46   19-12-2014 00:35:07 [Thread-5] ERROR logger.ThesisLogger : DaoManager.executeStatement: org.h2.jdbc.JdbcSQLException: Conversión de datos fallida, convirtiendo "'Month' (VERSION: STEP_TYPE INTEGER)"
Data conversion error converting "'Month' (VERSION: STEP_TYPE INTEGER)"; SQL statement:
INSERT INTO VERSION VALUES (null, 'Month' , '1' , '2009-06-01' , '2009-07-01') -- (NULL, 'Month', '1', '2009-06-01', '2009-07-01') [22018-173]
46   19-12-2014 00:35:07 [Thread-5] ERROR logger.ThesisLogger : DaoManager.executeStatement: org.h2.jdbc.JdbcSQLException: Conversión de datos fallida, convirtiendo "'Month' (VERSION: STEP_TYPE INTEGER)"
Data conversion error converting "'Month' (VERSION: STEP_TYPE INTEGER)"; SQL statement:
INSERT INTO VERSION VALUES (null, 'Month' , '1' , '2009-07-01' , '2009-08-01') -- (NULL, 'Month', '1', '2009-07-01', '2009-08-01') [22018-173]
46   19-12-2014 00:35:07 [Thread-5] ERROR logger.ThesisLogger : DaoManager.executeStatement: org.h2.jdbc.JdbcSQLException: Conversión de datos fallida, convirtiendo "'Month' (VERSION: STEP_TYPE INTEGER)"
Data conversion error converting "'Month' (VERSION: STEP_TYPE INTEGER)"; SQL statement:
INSERT INTO VERSION VALUES (null, 'Month' , '1' , '2009-08-01' , '2009-09-01') -- (NULL, 'Month', '1', '2009-08-01', '2009-09-01') [22018-173]
46   19-12-2014 00:35:07 [Thread-5] ERROR logger.ThesisLogger : DaoManager.executeStatement: org.h2.jdbc.JdbcSQLException: Conversión de datos fallida, convirtiendo "'Month' (VERSION: STEP_TYPE INTEGER)"
Data conversion error converting "'Month' (VERSION: STEP_TYPE INTEGER)"; SQL statement:
INSERT INTO VERSION VALUES (null, 'Month' , '1' , '2009-09-01' , '2009-10-01') -- (NULL, 'Month', '1', '2009-09-01', '2009-10-01') [22018-173]
123  19-12-2014 00:35:07 [Thread-5] ERROR logger.ThesisLogger : DaoManager.executeStatement: org.h2.jdbc.JdbcSQLException: Conversión de datos fallida, convirtiendo "'Month' (VERSION: STEP_TYPE INTEGER)"
Data conversion error converting "'Month' (VERSION: STEP_TYPE INTEGER)"; SQL statement:
INSERT INTO VERSION VALUES (null, 'Month' , '1' , '2009-10-01' , '2009-11-01') -- (NULL, 'Month', '1', '2009-10-01', '2009-11-01') [22018-173]
123  19-12-2014 00:35:07 [Thread-5] ERROR logger.ThesisLogger : DaoManager.executeStatement: org.h2.jdbc.JdbcSQLException: Conversión de datos fallida, convirtiendo "'Month' (VERSION: STEP_TYPE INTEGER)"
Data conversion error converting "'Month' (VERSION: STEP_TYPE INTEGER)"; SQL statement:
INSERT INTO VERSION VALUES (null, 'Month' , '1' , '2009-11-01' , '2009-12-01') -- (NULL, 'Month', '1', '2009-11-01', '2009-12-01') [22018-173]
124  19-12-2014 00:35:07 [Thread-5] ERROR logger.ThesisLogger : DaoManager.executeStatement: org.h2.jdbc.JdbcSQLException: Conversión de datos fallida, convirtiendo "'Month' (VERSION: STEP_TYPE INTEGER)"
Data conversion error converting "'Month' (VERSION: STEP_TYPE INTEGER)"; SQL statement:
INSERT INTO VERSION VALUES (null, 'Month' , '1' , '2009-12-01' , '2010-01-01') -- (NULL, 'Month', '1', '2009-12-01', '2010-01-01') [22018-173]
0    19-12-2014 20:13:46 [Thread-6] ERROR logger.ThesisLogger : Parse.run: java.io.EOFException: no more input
0    19-12-2014 20:14:52 [Thread-5] ERROR logger.ThesisLogger : Parse.run: java.io.EOFException: no more input
0    19-12-2014 20:16:00 [Thread-5] ERROR logger.ThesisLogger : Parse.run: java.io.EOFException: no more input
